<?xml version="1.0" encoding="UTF-8"?>
<!-- Generated by org.testng.reporters.JUnitReportReporter -->
<testsuite hostname="Picard" failures="0" tests="1" name="TestSuite.AllTest" time="186.493" errors="0" timestamp="2022-05-10T20:26:48 IST" skipped="0">
  <testcase classname="TestSuite.AllTest" name="testing" time="186.493"/>
  <system-out/>
</testsuite> <!-- TestSuite.AllTest -->
